
snake: system execution failed.
Following is the set of recorded exceptions:

******************************** Thread exception *****************************
In thread           Root thread            0x0 (thread id)
*******************************************************************************
-------------------------------------------------------------------------------
Class / Object      Routine                Nature of exception           Effect
-------------------------------------------------------------------------------
LINKED_LIST         put @1                 writeable:                   
<000000000427F6F8>  (From CHAIN)           Precondition violated.        Fail
-------------------------------------------------------------------------------
STATE_IMPL          make @14                                            
<000000000427F628>                         Routine failure.              Fail
-------------------------------------------------------------------------------
FACTORY             create_game @1                                      
<000000000427F608>                         Routine failure.              Fail
-------------------------------------------------------------------------------
APPLICATION         make @2                                             
<000000000427F5A8>                         Routine failure.              Fail
-------------------------------------------------------------------------------
APPLICATION         root's creation                                     
<000000000427F5A8>                         Routine failure.              Exit
-------------------------------------------------------------------------------
LINKED_LIST         put @1                 writeable:                   
<000000000427F6F8>  (From CHAIN)           Precondition violated.        Exit
-------------------------------------------------------------------------------
STATE_IMPL          make @14                                            
<000000000427F628>                         Routine failure.              Exit
-------------------------------------------------------------------------------
FACTORY             create_game @1                                      
<000000000427F608>                         Routine failure.              Exit
-------------------------------------------------------------------------------
APPLICATION         make @2                                             
<000000000427F5A8>                         Routine failure.              Exit
-------------------------------------------------------------------------------
APPLICATION         root's creation                                     
<000000000427F5A8>                         Routine failure.              Exit
-------------------------------------------------------------------------------

snake: system execution failed.
Following is the set of recorded exceptions:

******************************** Thread exception *****************************
In thread           Root thread            0x0 (thread id)
*******************************************************************************
-------------------------------------------------------------------------------
Class / Object      Routine                Nature of exception           Effect
-------------------------------------------------------------------------------
LINKED_LIST         put_left @2            not_before:                  
<00000000042D16F8>                         Precondition violated.        Fail
-------------------------------------------------------------------------------
STATE_IMPL          make @14                                            
<00000000042D1628>                         Routine failure.              Fail
-------------------------------------------------------------------------------
FACTORY             create_game @1                                      
<00000000042D1608>                         Routine failure.              Fail
-------------------------------------------------------------------------------
APPLICATION         make @2                                             
<00000000042D15A8>                         Routine failure.              Fail
-------------------------------------------------------------------------------
APPLICATION         root's creation                                     
<00000000042D15A8>                         Routine failure.              Exit
-------------------------------------------------------------------------------
LINKED_LIST         put_left @2            not_before:                  
<00000000042D16F8>                         Precondition violated.        Exit
-------------------------------------------------------------------------------
STATE_IMPL          make @14                                            
<00000000042D1628>                         Routine failure.              Exit
-------------------------------------------------------------------------------
FACTORY             create_game @1                                      
<00000000042D1608>                         Routine failure.              Exit
-------------------------------------------------------------------------------
APPLICATION         make @2                                             
<00000000042D15A8>                         Routine failure.              Exit
-------------------------------------------------------------------------------
APPLICATION         root's creation                                     
<00000000042D15A8>                         Routine failure.              Exit
-------------------------------------------------------------------------------
LINKED_LIST         put_left @2            not_before:                  
<00000000042D16F8>                         Precondition violated.        Exit
-------------------------------------------------------------------------------
STATE_IMPL          make @14                                            
<00000000042D1628>                         Routine failure.              Exit
-------------------------------------------------------------------------------
FACTORY             create_game @1                                      
<00000000042D1608>                         Routine failure.              Exit
-------------------------------------------------------------------------------
APPLICATION         make @2                                             
<00000000042D15A8>                         Routine failure.              Exit
-------------------------------------------------------------------------------
APPLICATION         root's creation                                     
<00000000042D15A8>                         Routine failure.              Exit
-------------------------------------------------------------------------------

snake: system execution failed.
Following is the set of recorded exceptions:

******************************** Thread exception *****************************
In thread           Root thread            0x0 (thread id)
*******************************************************************************
-------------------------------------------------------------------------------
Class / Object      Routine                Nature of exception           Effect
-------------------------------------------------------------------------------
DT_TIME             make_from_second_count @2
                                           s_small_enough:
<00000000043CC318>                         Precondition violated.        Fail
-------------------------------------------------------------------------------
GAME_IMPL           make @5                                             
<00000000043CC2B8>                         Routine failure.              Fail
-------------------------------------------------------------------------------
FACTORY             create_game @3                                      
<00000000043BA608>                         Routine failure.              Fail
-------------------------------------------------------------------------------
APPLICATION         make @4                                             
<00000000043BA5A8>                         Routine failure.              Fail
-------------------------------------------------------------------------------
APPLICATION         root's creation                                     
<00000000043BA5A8>                         Routine failure.              Exit
-------------------------------------------------------------------------------


snake: PANIC: caught signal #21 (Ctrl-Break) -- Giving up...
